2025-01-01 19:26:45.492 [info] Reading sessions from keychain...
2025-01-01 19:26:45.492 [info] Getting sessions for all scopes...
2025-01-01 19:26:45.492 [info] Getting sessions for all scopes...
2025-01-01 19:26:45.492 [info] Getting sessions for all scopes...
2025-01-01 19:26:45.492 [info] Got stored sessions!
2025-01-01 19:26:45.492 [info] Got 1 verified sessions.
2025-01-01 19:26:45.492 [info] Got 1 sessions for ...
2025-01-01 19:26:45.492 [info] Got 1 sessions for ...
2025-01-01 19:26:45.492 [info] Got 1 sessions for ...
2025-01-01 19:26:45.492 [info] Getting sessions for all scopes...
2025-01-01 19:26:45.492 [info] Got 1 sessions for ...
2025-01-01 19:26:45.492 [info] Getting sessions for all scopes...
2025-01-01 19:26:45.492 [info] Got 1 sessions for ...
2025-01-01 19:26:45.492 [info] Getting sessions for all scopes...
2025-01-01 19:26:45.492 [info] Got 1 sessions for ...
2025-01-01 19:26:45.492 [info] Getting sessions for all scopes...
2025-01-01 19:26:45.492 [info] Got 1 sessions for ...
2025-01-01 19:26:45.492 [info] Getting sessions for all scopes...
2025-01-01 19:26:45.492 [info] Got 1 sessions for ...
2025-01-01 19:26:48.853 [info] Getting sessions for read:user,repo,user:email,workflow...
2025-01-01 19:26:48.853 [info] Got 0 sessions for read:user,repo,user:email,workflow...
2025-01-01 19:26:48.854 [info] Getting sessions for all scopes...
2025-01-01 19:26:48.854 [info] Got 1 sessions for ...
2025-01-01 19:26:48.854 [info] Getting sessions for all scopes...
2025-01-01 19:26:48.854 [info] Got 1 sessions for ...
2025-01-01 19:26:48.859 [info] Getting sessions for read:user...
2025-01-01 19:26:48.859 [info] Got 0 sessions for read:user...
2025-01-01 19:26:48.859 [info] Getting sessions for read:user,repo,user:email,workflow...
2025-01-01 19:26:48.859 [info] Got 0 sessions for read:user,repo,user:email,workflow...
2025-01-01 19:26:48.865 [info] Getting sessions for user:email...
2025-01-01 19:26:48.865 [info] Got 1 sessions for user:email...
2025-01-01 19:26:48.866 [info] Getting sessions for user:email...
2025-01-01 19:26:48.866 [info] Got 1 sessions for user:email...
2025-01-01 19:26:48.874 [info] Getting sessions for all scopes...
2025-01-01 19:26:48.874 [info] Got 1 sessions for ...
2025-01-01 19:26:48.876 [info] Getting sessions for read:user,repo,user:email,workflow...
2025-01-01 19:26:48.876 [info] Got 0 sessions for read:user,repo,user:email,workflow...
2025-01-01 19:26:48.878 [info] Getting sessions for user:email...
2025-01-01 19:26:48.878 [info] Got 1 sessions for user:email...
2025-01-01 19:26:48.881 [info] Getting sessions for all scopes...
2025-01-01 19:26:48.881 [info] Got 1 sessions for ...
2025-01-01 19:26:48.884 [info] Getting sessions for read:user,repo,user:email,workflow...
2025-01-01 19:26:48.884 [info] Got 0 sessions for read:user,repo,user:email,workflow...
2025-01-01 19:26:48.886 [info] Getting sessions for user:email...
2025-01-01 19:26:48.886 [info] Got 1 sessions for user:email...
2025-01-01 19:26:51.953 [info] Getting sessions for all scopes...
2025-01-01 19:26:51.954 [info] Got 1 sessions for ...
2025-01-01 19:26:51.956 [info] Getting sessions for read:user,repo,user:email,workflow...
2025-01-01 19:26:51.956 [info] Got 0 sessions for read:user,repo,user:email,workflow...
2025-01-01 19:26:51.957 [info] Getting sessions for user:email...
2025-01-01 19:26:51.957 [info] Got 1 sessions for user:email...
2025-01-01 19:26:52.088 [info] Getting sessions for all scopes...
2025-01-01 19:26:52.088 [info] Got 1 sessions for ...
2025-01-01 19:26:52.089 [info] Getting sessions for all scopes...
2025-01-01 19:26:52.089 [info] Got 1 sessions for ...
2025-01-01 19:26:52.107 [info] Getting sessions for read:user,repo,user:email,workflow...
2025-01-01 19:26:52.108 [info] Got 0 sessions for read:user,repo,user:email,workflow...
2025-01-01 19:26:52.110 [info] Getting sessions for user:email...
2025-01-01 19:26:52.110 [info] Got 1 sessions for user:email...
2025-01-01 19:26:52.113 [info] Getting sessions for all scopes...
2025-01-01 19:26:52.113 [info] Got 1 sessions for ...
2025-01-01 19:26:52.115 [info] Getting sessions for read:user,repo,user:email,workflow...
2025-01-01 19:26:52.115 [info] Got 0 sessions for read:user,repo,user:email,workflow...
2025-01-01 19:26:52.117 [info] Getting sessions for user:email...
2025-01-01 19:26:52.117 [info] Got 1 sessions for user:email...
2025-01-01 19:26:52.228 [info] Getting sessions for all scopes...
2025-01-01 19:26:52.228 [info] Got 1 sessions for ...
2025-01-01 19:26:52.234 [info] Getting sessions for read:user,repo,user:email,workflow...
2025-01-01 19:26:52.234 [info] Got 0 sessions for read:user,repo,user:email,workflow...
2025-01-01 19:26:52.235 [info] Getting sessions for user:email...
2025-01-01 19:26:52.235 [info] Got 1 sessions for user:email...
2025-01-01 19:26:53.951 [info] Getting sessions for user:email...
2025-01-01 19:26:53.951 [info] Got 1 sessions for user:email...
2025-01-01 19:26:53.998 [info] Getting sessions for all scopes...
2025-01-01 19:26:53.998 [info] Got 1 sessions for ...
2025-01-01 19:26:53.998 [info] Getting sessions for read:user,repo,user:email,workflow...
2025-01-01 19:26:53.998 [info] Got 0 sessions for read:user,repo,user:email,workflow...
2025-01-01 19:26:54.229 [info] Getting sessions for read:user,repo,user:email,workflow...
2025-01-01 19:26:54.229 [info] Got 0 sessions for read:user,repo,user:email,workflow...
2025-01-01 19:26:54.231 [info] Getting sessions for read:user...
2025-01-01 19:26:54.231 [info] Got 0 sessions for read:user...
2025-01-01 19:26:54.239 [info] Getting sessions for user:email...
2025-01-01 19:26:54.239 [info] Got 1 sessions for user:email...
2025-01-01 19:26:54.239 [info] Getting sessions for user:email...
2025-01-01 19:26:54.239 [info] Got 1 sessions for user:email...
2025-01-01 19:26:56.699 [info] Getting sessions for user:email...
2025-01-01 19:26:56.700 [info] Got 1 sessions for user:email...
2025-01-01 19:38:31.447 [info] Reading sessions from keychain...
2025-01-01 19:38:31.448 [info] Getting sessions for all scopes...
2025-01-01 19:38:31.448 [info] Getting sessions for all scopes...
2025-01-01 19:38:31.448 [info] Getting sessions for user:email...
2025-01-01 19:38:31.448 [info] Got stored sessions!
2025-01-01 19:38:31.448 [info] Got 1 verified sessions.
2025-01-01 19:38:31.448 [info] Got 1 sessions for ...
2025-01-01 19:38:31.448 [info] Got 1 sessions for ...
2025-01-01 19:38:31.448 [info] Got 1 sessions for user:email...
2025-01-01 19:38:35.278 [info] Getting sessions for user:email...
2025-01-01 19:38:35.278 [info] Got 1 sessions for user:email...
2025-01-01 19:38:35.322 [info] Getting sessions for read:user,repo,user:email,workflow...
2025-01-01 19:38:35.322 [info] Got 0 sessions for read:user,repo,user:email,workflow...
2025-01-01 19:38:35.366 [info] Getting sessions for all scopes...
2025-01-01 19:38:35.366 [info] Got 1 sessions for ...
2025-01-01 19:38:35.366 [info] Getting sessions for all scopes...
2025-01-01 19:38:35.366 [info] Got 1 sessions for ...
2025-01-01 19:38:35.372 [info] Getting sessions for read:user...
2025-01-01 19:38:35.373 [info] Got 0 sessions for read:user...
2025-01-01 19:38:35.374 [info] Getting sessions for read:user,repo,user:email,workflow...
2025-01-01 19:38:35.375 [info] Got 0 sessions for read:user,repo,user:email,workflow...
2025-01-01 19:38:35.382 [info] Getting sessions for user:email...
2025-01-01 19:38:35.382 [info] Got 1 sessions for user:email...
2025-01-01 19:38:35.383 [info] Getting sessions for user:email...
2025-01-01 19:38:35.383 [info] Got 1 sessions for user:email...
2025-01-01 19:38:35.411 [info] Getting sessions for all scopes...
2025-01-01 19:38:35.411 [info] Got 1 sessions for ...
2025-01-01 19:38:38.222 [info] Getting sessions for read:user,repo,user:email,workflow...
2025-01-01 19:38:38.222 [info] Got 0 sessions for read:user,repo,user:email,workflow...
2025-01-01 19:38:38.315 [info] Getting sessions for user:email...
2025-01-01 19:38:38.315 [info] Got 1 sessions for user:email...
2025-01-01 19:38:38.354 [info] Getting sessions for all scopes...
2025-01-01 19:38:38.354 [info] Got 1 sessions for ...
2025-01-01 19:38:38.362 [info] Getting sessions for read:user,repo,user:email,workflow...
2025-01-01 19:38:38.362 [info] Got 0 sessions for read:user,repo,user:email,workflow...
2025-01-01 19:38:38.370 [info] Getting sessions for user:email...
2025-01-01 19:38:38.370 [info] Got 1 sessions for user:email...
2025-01-01 19:38:39.332 [info] Getting sessions for all scopes...
2025-01-01 19:38:39.332 [info] Got 1 sessions for ...
2025-01-01 19:38:39.332 [info] Getting sessions for all scopes...
2025-01-01 19:38:39.332 [info] Got 1 sessions for ...
2025-01-01 19:38:39.378 [info] Getting sessions for read:user,repo,user:email,workflow...
2025-01-01 19:38:39.378 [info] Got 0 sessions for read:user,repo,user:email,workflow...
2025-01-01 19:38:39.380 [info] Getting sessions for user:email...
2025-01-01 19:38:39.380 [info] Got 1 sessions for user:email...
2025-01-01 19:38:39.384 [info] Getting sessions for all scopes...
2025-01-01 19:38:39.384 [info] Got 1 sessions for ...
2025-01-01 19:38:39.387 [info] Getting sessions for read:user,repo,user:email,workflow...
2025-01-01 19:38:39.387 [info] Got 0 sessions for read:user,repo,user:email,workflow...
2025-01-01 19:38:39.389 [info] Getting sessions for user:email...
2025-01-01 19:38:39.389 [info] Got 1 sessions for user:email...
2025-01-01 19:38:39.504 [info] Getting sessions for all scopes...
2025-01-01 19:38:39.504 [info] Got 1 sessions for ...
2025-01-01 19:38:39.505 [info] Getting sessions for read:user,repo,user:email,workflow...
2025-01-01 19:38:39.505 [info] Got 0 sessions for read:user,repo,user:email,workflow...
2025-01-01 19:38:39.507 [info] Getting sessions for user:email...
2025-01-01 19:38:39.507 [info] Got 1 sessions for user:email...
2025-01-01 19:38:39.833 [info] Getting sessions for read:user,repo,user:email,workflow...
2025-01-01 19:38:39.833 [info] Got 0 sessions for read:user,repo,user:email,workflow...
2025-01-01 19:38:39.857 [info] Getting sessions for read:user...
2025-01-01 19:38:39.858 [info] Got 0 sessions for read:user...
2025-01-01 19:38:39.877 [info] Getting sessions for user:email...
2025-01-01 19:38:39.877 [info] Got 1 sessions for user:email...
2025-01-01 19:38:41.105 [info] Getting sessions for all scopes...
2025-01-01 19:38:41.105 [info] Got 1 sessions for ...
2025-01-01 19:38:41.108 [info] Getting sessions for read:user,repo,user:email,workflow...
2025-01-01 19:38:41.108 [info] Got 0 sessions for read:user,repo,user:email,workflow...
2025-01-01 19:38:41.110 [info] Getting sessions for user:email...
2025-01-01 19:38:41.110 [info] Got 1 sessions for user:email...
2025-01-01 19:53:41.122 [info] Getting sessions for all scopes...
2025-01-01 19:53:41.122 [info] Got 1 sessions for ...
2025-01-01 19:53:41.131 [info] Getting sessions for read:user,repo,user:email,workflow...
2025-01-01 19:53:41.131 [info] Got 0 sessions for read:user,repo,user:email,workflow...
2025-01-01 19:53:41.137 [info] Getting sessions for user:email...
2025-01-01 19:53:41.137 [info] Got 1 sessions for user:email...
2025-01-01 19:53:41.142 [info] Getting sessions for all scopes...
2025-01-01 19:53:41.142 [info] Got 1 sessions for ...
2025-01-01 19:53:41.149 [info] Getting sessions for read:user,repo,user:email,workflow...
2025-01-01 19:53:41.149 [info] Got 0 sessions for read:user,repo,user:email,workflow...
2025-01-01 19:53:41.157 [info] Getting sessions for user:email...
2025-01-01 19:53:41.157 [info] Got 1 sessions for user:email...
2025-01-01 20:03:38.806 [info] Getting sessions for read:user,repo,user:email,workflow...
2025-01-01 20:03:38.806 [info] Got 0 sessions for read:user,repo,user:email,workflow...
2025-01-01 20:03:38.810 [info] Getting sessions for read:user...
2025-01-01 20:03:38.810 [info] Got 0 sessions for read:user...
2025-01-01 20:03:38.813 [info] Getting sessions for user:email...
2025-01-01 20:03:38.814 [info] Got 1 sessions for user:email...
2025-01-01 20:03:39.306 [info] Getting sessions for all scopes...
2025-01-01 20:03:39.307 [info] Got 1 sessions for ...
2025-01-01 20:03:39.314 [info] Getting sessions for read:user,repo,user:email,workflow...
2025-01-01 20:03:39.314 [info] Got 0 sessions for read:user,repo,user:email,workflow...
2025-01-01 20:03:39.320 [info] Getting sessions for user:email...
2025-01-01 20:03:39.320 [info] Got 1 sessions for user:email...
2025-01-01 20:03:40.406 [info] Getting sessions for all scopes...
2025-01-01 20:03:40.406 [info] Got 1 sessions for ...
2025-01-01 20:03:40.407 [info] Getting sessions for all scopes...
2025-01-01 20:03:40.407 [info] Got 1 sessions for ...
2025-01-01 20:03:40.413 [info] Getting sessions for read:user,repo,user:email,workflow...
2025-01-01 20:03:40.413 [info] Got 0 sessions for read:user,repo,user:email,workflow...
2025-01-01 20:03:40.417 [info] Getting sessions for user:email...
2025-01-01 20:03:40.417 [info] Got 1 sessions for user:email...
2025-01-01 20:03:40.426 [info] Getting sessions for all scopes...
2025-01-01 20:03:40.426 [info] Got 1 sessions for ...
2025-01-01 20:03:40.430 [info] Getting sessions for read:user,repo,user:email,workflow...
2025-01-01 20:03:40.430 [info] Got 0 sessions for read:user,repo,user:email,workflow...
2025-01-01 20:03:40.435 [info] Getting sessions for user:email...
2025-01-01 20:03:40.435 [info] Got 1 sessions for user:email...
2025-01-01 20:03:40.456 [info] Getting sessions for all scopes...
2025-01-01 20:03:40.456 [info] Got 1 sessions for ...
2025-01-01 20:03:40.461 [info] Getting sessions for read:user,repo,user:email,workflow...
2025-01-01 20:03:40.461 [info] Got 0 sessions for read:user,repo,user:email,workflow...
2025-01-01 20:03:40.465 [info] Getting sessions for user:email...
2025-01-01 20:03:40.465 [info] Got 1 sessions for user:email...
