2025-01-01 07:25:38.598 [info] Reading sessions from keychain...
2025-01-01 07:25:38.599 [info] Getting sessions for all scopes...
2025-01-01 07:25:38.599 [info] Getting sessions for all scopes...
2025-01-01 07:25:38.599 [info] Getting sessions for all scopes...
2025-01-01 07:25:38.599 [info] Getting sessions for all scopes...
2025-01-01 07:25:38.599 [info] Getting sessions for all scopes...
2025-01-01 07:25:38.599 [info] Getting sessions for all scopes...
2025-01-01 07:25:38.599 [info] Getting sessions for all scopes...
2025-01-01 07:25:38.599 [info] Got 0 sessions for ...
2025-01-01 07:25:38.599 [info] Got 0 sessions for ...
2025-01-01 07:25:38.599 [info] Got 0 sessions for ...
2025-01-01 07:25:38.599 [info] Got 0 sessions for ...
2025-01-01 07:25:38.599 [info] Got 0 sessions for ...
2025-01-01 07:25:38.599 [info] Got 0 sessions for ...
2025-01-01 07:25:38.599 [info] Got 0 sessions for ...
2025-01-01 07:25:39.745 [info] Getting sessions for all scopes...
2025-01-01 07:25:39.745 [info] Got 0 sessions for ...
2025-01-01 07:26:05.373 [info] Logging in with 'any' account...
2025-01-01 07:26:05.373 [info] Logging in for the following scopes: user:email
2025-01-01 07:26:05.459 [info] Trying without local server... (user:email)
2025-01-01 07:26:58.772 [info] Exchanging code for token...
2025-01-01 07:26:59.266 [info] Token exchange success!
2025-01-01 07:26:59.271 [info] Getting user info...
2025-01-01 07:27:00.077 [info] Got account info!
2025-01-01 07:27:00.080 [info] Storing 1 sessions...
2025-01-01 07:27:03.938 [info] Reading sessions from keychain...
2025-01-01 07:27:03.938 [info] Stored 1 sessions!
2025-01-01 07:27:03.938 [info] Login success!
2025-01-01 07:27:04.044 [info] Getting sessions for all scopes...
2025-01-01 07:27:04.045 [info] Got stored sessions!
2025-01-01 07:27:04.045 [info] Got 1 verified sessions.
2025-01-01 07:27:04.045 [info] Got 1 sessions for ...
2025-01-01 07:27:21.572 [info] Getting sessions for all scopes...
2025-01-01 07:27:21.572 [info] Got 1 sessions for ...
2025-01-01 07:27:21.572 [info] Getting sessions for all scopes...
2025-01-01 07:27:21.572 [info] Got 1 sessions for ...
2025-01-01 07:27:21.574 [info] Getting sessions for read:user,repo,user:email,workflow...
2025-01-01 07:27:21.574 [info] Got 0 sessions for read:user,repo,user:email,workflow...
2025-01-01 07:27:21.581 [info] Getting sessions for read:user,repo,user:email,workflow...
2025-01-01 07:27:21.582 [info] Got 0 sessions for read:user,repo,user:email,workflow...
2025-01-01 07:27:21.582 [info] Getting sessions for read:user...
2025-01-01 07:27:21.582 [info] Got 0 sessions for read:user...
2025-01-01 07:27:21.586 [info] Getting sessions for user:email...
2025-01-01 07:27:21.586 [info] Got 1 sessions for user:email...
2025-01-01 07:27:21.587 [info] Getting sessions for user:email...
2025-01-01 07:27:21.587 [info] Got 1 sessions for user:email...
2025-01-01 07:27:21.604 [info] Getting sessions for all scopes...
2025-01-01 07:27:21.604 [info] Got 1 sessions for ...
2025-01-01 07:27:24.290 [info] Getting sessions for read:user,repo,user:email,workflow...
2025-01-01 07:27:24.290 [info] Got 0 sessions for read:user,repo,user:email,workflow...
2025-01-01 07:27:24.298 [info] Getting sessions for user:email...
2025-01-01 07:27:24.298 [info] Got 1 sessions for user:email...
2025-01-01 07:27:24.323 [info] Getting sessions for all scopes...
2025-01-01 07:27:24.323 [info] Got 1 sessions for ...
2025-01-01 07:27:24.326 [info] Getting sessions for read:user,repo,user:email,workflow...
2025-01-01 07:27:24.326 [info] Got 0 sessions for read:user,repo,user:email,workflow...
2025-01-01 07:27:24.328 [info] Getting sessions for user:email...
2025-01-01 07:27:24.328 [info] Got 1 sessions for user:email...
2025-01-01 07:27:24.504 [info] Getting sessions for all scopes...
2025-01-01 07:27:24.504 [info] Got 1 sessions for ...
2025-01-01 07:27:24.511 [info] Getting sessions for read:user,repo,user:email,workflow...
2025-01-01 07:27:24.511 [info] Got 0 sessions for read:user,repo,user:email,workflow...
2025-01-01 07:27:24.524 [info] Getting sessions for user:email...
2025-01-01 07:27:24.524 [info] Got 1 sessions for user:email...
2025-01-01 07:27:25.509 [info] Getting sessions for all scopes...
2025-01-01 07:27:25.509 [info] Got 1 sessions for ...
2025-01-01 07:27:25.522 [info] Getting sessions for all scopes...
2025-01-01 07:27:25.522 [info] Got 1 sessions for ...
2025-01-01 07:27:25.651 [info] Getting sessions for read:user,repo,user:email,workflow...
2025-01-01 07:27:25.651 [info] Got 0 sessions for read:user,repo,user:email,workflow...
2025-01-01 07:27:25.659 [info] Getting sessions for user:email...
2025-01-01 07:27:25.659 [info] Got 1 sessions for user:email...
2025-01-01 07:27:25.667 [info] Getting sessions for all scopes...
2025-01-01 07:27:25.667 [info] Got 1 sessions for ...
2025-01-01 07:27:25.671 [info] Getting sessions for read:user,repo,user:email,workflow...
2025-01-01 07:27:25.671 [info] Got 0 sessions for read:user,repo,user:email,workflow...
2025-01-01 07:27:25.680 [info] Getting sessions for user:email...
2025-01-01 07:27:25.680 [info] Got 1 sessions for user:email...
2025-01-01 07:27:25.910 [info] Getting sessions for all scopes...
2025-01-01 07:27:25.910 [info] Got 1 sessions for ...
2025-01-01 07:27:25.940 [info] Getting sessions for read:user,repo,user:email,workflow...
2025-01-01 07:27:25.940 [info] Got 0 sessions for read:user,repo,user:email,workflow...
2025-01-01 07:27:25.947 [info] Getting sessions for user:email...
2025-01-01 07:27:25.948 [info] Got 1 sessions for user:email...
2025-01-01 07:27:26.008 [info] Getting sessions for read:user,repo,user:email,workflow...
2025-01-01 07:27:26.008 [info] Got 0 sessions for read:user,repo,user:email,workflow...
2025-01-01 07:27:26.039 [info] Getting sessions for read:user...
2025-01-01 07:27:26.039 [info] Got 0 sessions for read:user...
2025-01-01 07:27:26.056 [info] Getting sessions for user:email...
2025-01-01 07:27:26.056 [info] Got 1 sessions for user:email...
2025-01-01 07:27:27.657 [info] Getting sessions for all scopes...
2025-01-01 07:27:27.657 [info] Got 1 sessions for ...
2025-01-01 07:27:27.677 [info] Getting sessions for read:user,repo,user:email,workflow...
2025-01-01 07:27:27.677 [info] Got 0 sessions for read:user,repo,user:email,workflow...
2025-01-01 07:27:27.679 [info] Getting sessions for user:email...
2025-01-01 07:27:27.679 [info] Got 1 sessions for user:email...
2025-01-01 07:42:27.689 [info] Getting sessions for all scopes...
2025-01-01 07:42:27.690 [info] Got 1 sessions for ...
2025-01-01 07:42:27.697 [info] Getting sessions for read:user,repo,user:email,workflow...
2025-01-01 07:42:27.697 [info] Got 0 sessions for read:user,repo,user:email,workflow...
2025-01-01 07:42:27.703 [info] Getting sessions for user:email...
2025-01-01 07:42:27.704 [info] Got 1 sessions for user:email...
2025-01-01 07:42:27.712 [info] Getting sessions for all scopes...
2025-01-01 07:42:27.712 [info] Got 1 sessions for ...
2025-01-01 07:42:27.719 [info] Getting sessions for read:user,repo,user:email,workflow...
2025-01-01 07:42:27.719 [info] Got 0 sessions for read:user,repo,user:email,workflow...
2025-01-01 07:42:27.725 [info] Getting sessions for user:email...
2025-01-01 07:42:27.725 [info] Got 1 sessions for user:email...
